<?xml version="1.0" encoding="UTF-8"?>
<!-- Generated by org.testng.reporters.JUnitXMLReporter -->
<testsuite hostname="Christy-PC" ignored="0" name="Default test" tests="4" failures="0" timestamp="08 Oct 2021 16:04:21 GMT" time="0.109" errors="0">
  <testcase name="profile" time="0.013" classname="com.inetbanking.testCases.ReadingArray1"/>
  <testcase name="profile" time="0.003" classname="com.inetbanking.testCases.ReadingArray1"/>
  <testcase name="profile" time="0.003" classname="com.inetbanking.testCases.ReadingArray1"/>
  <testcase name="profile" time="0.003" classname="com.inetbanking.testCases.ReadingArray1"/>
</testsuite> <!-- Default test -->
