<?xml version="1.0" encoding="UTF-8"?>
<!-- Generated by org.testng.reporters.JUnitXMLReporter -->
<testsuite hostname="Christy-PC" ignored="0" name="Bank App Test" tests="3" failures="0" timestamp="19 Sep 2021 19:06:23 GMT" time="13.07" errors="0">
  <testcase name="Checking" time="0.01" classname="com.inetbanking.testCases.Demo1"/>
  <testcase name="reverse" time="0.002" classname="com.inetbanking.testCases.Demo3"/>
  <testcase name="stringmethod" time="0.003" classname="com.inetbanking.testCases.Demo2"/>
</testsuite> <!-- Bank App Test -->
