<?xml version="1.0" encoding="UTF-8"?>
<!-- Generated by org.testng.reporters.JUnitXMLReporter -->
<testsuite hostname="Christy-PC" ignored="0" name="Bank App Test" tests="4" failures="0" timestamp="08 Oct 2021 16:06:14 GMT" time="0.671" errors="0">
  <testcase name="profile" time="0.015" classname="com.inetbanking.testCases.ReadingArray1"/>
  <testcase name="profile" time="0.0" classname="com.inetbanking.testCases.ReadingArray1"/>
  <testcase name="profile" time="0.0" classname="com.inetbanking.testCases.ReadingArray1"/>
  <testcase name="profile" time="0.0" classname="com.inetbanking.testCases.ReadingArray1"/>
</testsuite> <!-- Bank App Test -->
