<?xml version="1.0" encoding="UTF-8"?>
<!-- Generated by org.testng.reporters.JUnitXMLReporter -->
<testsuite ignored="0" hostname="Christy-PC" failures="1" tests="1" name="Bank App Test" time="16.226" errors="0" timestamp="29 Jul 2021 06:46:46 GMT">
  <testcase classname="com.inetbanking.testCases.TC_LoginTest_001" name="loginTest" time="2.231">
    <failure type="java.io.IOException" message="Source &amp;apos;C:\Users\Christy\AppData\Local\Temp\screenshot5758219620847024100.png&amp;apos; exists but is not a directory">
      <![CDATA[java.io.IOException: Source 'C:\Users\Christy\AppData\Local\Temp\screenshot5758219620847024100.png' exists but is not a directory
at org.apache.commons.io.FileUtils.copyDirectory(FileUtils.java:779)
at org.apache.commons.io.FileUtils.copyDirectory(FileUtils.java:744)
at com.inetbanking.testCases.MasterPage.captureScreen(MasterPage.java:69)
at com.inetbanking.testCases.TC_LoginTest_001.loginTest(TC_LoginTest_001.java:30)
... Removed 28 stack frames]]>
    </failure>
  </testcase> <!-- loginTest -->
</testsuite> <!-- Bank App Test -->
