<?xml version="1.0" encoding="UTF-8"?>
<testsuite name="TestSuite" time="2.239" tests="1" errors="0" skipped="0" failures="1">
  <properties>
[...]
</properties>
  <testcase name="loginTest" classname="com.inetbanking.testCases.TC_LoginTest_001" time="2.239">
    <failure message="Source &apos;C:\Users\Christy\AppData\Local\Temp\screenshot5758219620847024100.png&apos; exists but is not a directory" type="java.io.IOException">java.io.IOException: Source 'C:\Users\Christy\AppData\Local\Temp\screenshot5758219620847024100.png' exists but is not a directory
	at org.apache.commons.io.FileUtils.copyDirectory(FileUtils.java:779)
	at org.apache.commons.io.FileUtils.copyDirectory(FileUtils.java:744)
	at com.inetbanking.testCases.MasterPage.captureScreen(MasterPage.java:69)
	at com.inetbanking.testCases.TC_LoginTest_001.loginTest(TC_LoginTest_001.java:30)
</failure>
    <system-out><![CDATA[ INFO [main] (TC_LoginTest_001.java:23)- Title is : GTPL Bank Manager HomePage
 INFO [main] (TC_LoginTest_001.java:29)- Assertion pass
]]></system-out>
    <system-err><![CDATA[Starting ChromeDriver 91.0.4472.101 (af52a90bf87030dd1523486a1cd3ae25c5d76c9b-refs/branch-heads/4472@{#1462}) on port 39532
Only local connections are allowed.
Please see https://chromedriver.chromium.org/security-considerations for suggestions on keeping ChromeDriver safe.
ChromeDriver was started successfully.
[1627541194.437][WARNING]: This version of ChromeDriver has not been tested with Chrome version 92.
Jul 29, 2021 12:16:37 PM org.openqa.selenium.remote.ProtocolHandshake createSession
INFO: Detected dialect: W3C
]]></system-err>
  </testcase>
</testsuite>