<?xml version="1.0" encoding="UTF-8"?>
<testng-results skipped="0" failed="0" ignored="0" total="3" passed="3">
  <reporter-output>
  </reporter-output>
  <suite name="InetBankingV1" duration-ms="13070" started-at="2021-09-19T19:06:10Z" finished-at="2021-09-19T19:06:23Z">
    <groups>
    </groups>
    <test name="Bank App Test" duration-ms="13070" started-at="2021-09-19T19:06:10Z" finished-at="2021-09-19T19:06:23Z">
      <class name="com.inetbanking.testCases.Demo3">
        <test-method status="PASS" signature="reverse()[pri:0, instance:com.inetbanking.testCases.Demo3@239963d8]" name="reverse" duration-ms="2" started-at="2021-09-19T19:06:11Z" finished-at="2021-09-19T19:06:11Z">
          <reporter-output>
          </reporter-output>
        </test-method> <!-- reverse -->
      </class> <!-- com.inetbanking.testCases.Demo3 -->
      <class name="com.inetbanking.testCases.Demo1">
        <test-method status="PASS" signature="Checking()[pri:0, instance:com.inetbanking.testCases.Demo1@f6c48ac]" name="Checking" duration-ms="10" started-at="2021-09-19T19:06:11Z" finished-at="2021-09-19T19:06:11Z">
          <reporter-output>
          </reporter-output>
        </test-method> <!-- Checking -->
      </class> <!-- com.inetbanking.testCases.Demo1 -->
      <class name="com.inetbanking.testCases.Demo2">
        <test-method status="PASS" signature="setup(java.lang.String)[pri:0, instance:com.inetbanking.testCases.Demo2@13deb50e]" name="setup" is-config="true" duration-ms="12045" started-at="2021-09-19T19:06:11Z" finished-at="2021-09-19T19:06:23Z">
          <params>
            <param index="0">
              <value>
                <![CDATA[chrome]]>
              </value>
            </param>
          </params>
          <reporter-output>
          </reporter-output>
        </test-method> <!-- setup -->
        <test-method status="PASS" signature="stringmethod()[pri:0, instance:com.inetbanking.testCases.Demo2@13deb50e]" name="stringmethod" duration-ms="3" started-at="2021-09-19T19:06:23Z" finished-at="2021-09-19T19:06:23Z">
          <reporter-output>
          </reporter-output>
        </test-method> <!-- stringmethod -->
        <test-method status="PASS" signature="tearDown()[pri:0, instance:com.inetbanking.testCases.Demo2@13deb50e]" name="tearDown" is-config="true" duration-ms="695" started-at="2021-09-19T19:06:23Z" finished-at="2021-09-19T19:06:23Z">
          <reporter-output>
          </reporter-output>
        </test-method> <!-- tearDown -->
      </class> <!-- com.inetbanking.testCases.Demo2 -->
    </test> <!-- Bank App Test -->
  </suite> <!-- InetBankingV1 -->
</testng-results>
