<?xml version="1.0" encoding="UTF-8"?>
<testng-results skipped="0" failed="0" ignored="0" total="4" passed="4">
  <reporter-output>
  </reporter-output>
  <suite name="InetBankingV1" duration-ms="671" started-at="2021-10-08T16:06:14Z" finished-at="2021-10-08T16:06:14Z">
    <groups>
    </groups>
    <test name="Bank App Test" duration-ms="671" started-at="2021-10-08T16:06:14Z" finished-at="2021-10-08T16:06:14Z">
      <class name="com.inetbanking.testCases.ReadingArray1">
        <test-method status="PASS" signature="profile(java.lang.String, java.lang.String)[pri:0, instance:com.inetbanking.testCases.ReadingArray1@7cd62f43]" name="profile" duration-ms="15" started-at="2021-10-08T16:06:14Z" data-provider="profiles" finished-at="2021-10-08T16:06:14Z">
          <params>
            <param index="0">
              <value>
                <![CDATA[Prabas]]>
              </value>
            </param>
            <param index="1">
              <value>
                <![CDATA[Hero]]>
              </value>
            </param>
          </params>
          <reporter-output>
          </reporter-output>
        </test-method> <!-- profile -->
        <test-method status="PASS" signature="profile(java.lang.String, java.lang.String)[pri:0, instance:com.inetbanking.testCases.ReadingArray1@7cd62f43]" name="profile" duration-ms="0" started-at="2021-10-08T16:06:14Z" data-provider="profiles" finished-at="2021-10-08T16:06:14Z">
          <params>
            <param index="0">
              <value>
                <![CDATA[Sachin]]>
              </value>
            </param>
            <param index="1">
              <value>
                <![CDATA[Cricketer]]>
              </value>
            </param>
          </params>
          <reporter-output>
          </reporter-output>
        </test-method> <!-- profile -->
        <test-method status="PASS" signature="profile(java.lang.String, java.lang.String)[pri:0, instance:com.inetbanking.testCases.ReadingArray1@7cd62f43]" name="profile" duration-ms="0" started-at="2021-10-08T16:06:14Z" data-provider="profiles" finished-at="2021-10-08T16:06:14Z">
          <params>
            <param index="0">
              <value>
                <![CDATA[RamnathKovind]]>
              </value>
            </param>
            <param index="1">
              <value>
                <![CDATA[president]]>
              </value>
            </param>
          </params>
          <reporter-output>
          </reporter-output>
        </test-method> <!-- profile -->
        <test-method status="PASS" signature="profile(java.lang.String, java.lang.String)[pri:0, instance:com.inetbanking.testCases.ReadingArray1@7cd62f43]" name="profile" duration-ms="0" started-at="2021-10-08T16:06:14Z" data-provider="profiles" finished-at="2021-10-08T16:06:14Z">
          <params>
            <param index="0">
              <value>
                <![CDATA[PM Modi]]>
              </value>
            </param>
            <param index="1">
              <value>
                <![CDATA[Primeminister]]>
              </value>
            </param>
          </params>
          <reporter-output>
          </reporter-output>
        </test-method> <!-- profile -->
      </class> <!-- com.inetbanking.testCases.ReadingArray1 -->
    </test> <!-- Bank App Test -->
  </suite> <!-- InetBankingV1 -->
</testng-results>
